2023-07-31 09:42:23,117 [1] INFO Microsoft.Hosting.Lifetime - Application started. Press Ctrl+C to shut down.
2023-07-31 09:42:23,195 [1] INFO Microsoft.Hosting.Lifetime - Hosting environment: Development
2023-07-31 09:42:23,214 [1] INFO Microsoft.Hosting.Lifetime - Content root path: C:\Users\angel\OneDrive\Documentos\GitHub\DirigentesNew\cpm.plataformadirigentes.api\
2023-07-31 09:46:24,683 [18] ERROR Microsoft.AspNetCore.Authentication.JwtBearer.JwtBearerHandler - Exception occurred while processing message.
System.OperationCanceledException: The operation was canceled.
   at System.Threading.CancellationToken.ThrowOperationCanceledException()
   at System.Threading.SemaphoreSlim.WaitUntilCountOrTimeoutAsync(TaskNode asyncWaiter, Int32 millisecondsTimeout, CancellationToken cancellationToken)
   at Microsoft.IdentityModel.Protocols.ConfigurationManager`1.GetConfigurationAsync(CancellationToken cancel)
   at Microsoft.AspNetCore.Authentication.JwtBearer.JwtBearerHandler.HandleAuthenticateAsync()
2023-07-31 09:46:25,709 [18] ERROR Microsoft.AspNetCore.Diagnostics.DeveloperExceptionPageMiddleware - An unhandled exception has occurred while executing the request.
System.OperationCanceledException: The operation was canceled.
   at System.Threading.CancellationToken.ThrowOperationCanceledException()
   at System.Threading.SemaphoreSlim.WaitUntilCountOrTimeoutAsync(TaskNode asyncWaiter, Int32 millisecondsTimeout, CancellationToken cancellationToken)
   at Microsoft.IdentityModel.Protocols.ConfigurationManager`1.GetConfigurationAsync(CancellationToken cancel)
   at Microsoft.AspNetCore.Authentication.JwtBearer.JwtBearerHandler.HandleAuthenticateAsync()
   at Microsoft.AspNetCore.Authentication.JwtBearer.JwtBearerHandler.HandleAuthenticateAsync()
   at Microsoft.AspNetCore.Authentication.AuthenticationHandler`1.AuthenticateAsync()
   at Microsoft.AspNetCore.Authentication.AuthenticationService.AuthenticateAsync(HttpContext context, String scheme)
   at Microsoft.AspNetCore.Authentication.AuthenticationMiddleware.Invoke(HttpContext context)
   at Swashbuckle.AspNetCore.SwaggerUI.SwaggerUIMiddleware.Invoke(HttpContext httpContext)
   at Swashbuckle.AspNetCore.Swagger.SwaggerMiddleware.Invoke(HttpContext httpContext, ISwaggerProvider swaggerProvider)
   at Microsoft.AspNetCore.Diagnostics.DeveloperExceptionPageMiddleware.Invoke(HttpContext context)
2023-07-31 09:57:17,200 [6] INFO CPMPlataformaDirigentes.Controller.PerfilCargosController - Consulta de PermisobyCorreoAcceso
2023-07-31 11:36:04,314 [1] INFO Microsoft.Hosting.Lifetime - Application started. Press Ctrl+C to shut down.
2023-07-31 11:36:04,359 [1] INFO Microsoft.Hosting.Lifetime - Hosting environment: Development
2023-07-31 11:36:04,485 [1] INFO Microsoft.Hosting.Lifetime - Content root path: C:\Users\angel\OneDrive\Documentos\GitHub\DirigentesNew\cpm.plataformadirigentes.api\
2023-07-31 11:48:48,986 [15] INFO CPMPlataformaDirigentes.Controller.PerfilCargosController - Consulta de PermisobyCorreoAcceso
2023-07-31 11:52:38,287 [3] INFO CPMPlataformaDirigentes.Controller.PerfilCargosController - Consulta de PermisobyCorreoAcceso
2023-07-31 11:54:31,634 [28] INFO LoggerUtility.LogUtility.Logger - Consulta de Clasificacion por Profesion
2023-07-31 11:54:35,539 [27] INFO LoggerUtility.LogUtility.Logger - Consulra de Genero
2023-08-17 17:04:55,800 [1] INFO Microsoft.Hosting.Lifetime - Application started. Press Ctrl+C to shut down.
2023-08-17 17:04:55,838 [1] INFO Microsoft.Hosting.Lifetime - Hosting environment: Development
2023-08-17 17:04:55,840 [1] INFO Microsoft.Hosting.Lifetime - Content root path: C:\source\Workspaces\DirigentesNew\cpm.plataformadirigentes.api\
2023-08-17 17:06:48,547 [1] INFO Microsoft.Hosting.Lifetime - Application started. Press Ctrl+C to shut down.
2023-08-17 17:06:48,572 [1] INFO Microsoft.Hosting.Lifetime - Hosting environment: Development
2023-08-17 17:06:48,582 [1] INFO Microsoft.Hosting.Lifetime - Content root path: C:\source\Workspaces\DirigentesNew\cpm.plataformadirigentes.api\
2023-08-17 17:10:24,079 [1] INFO Microsoft.Hosting.Lifetime - Application started. Press Ctrl+C to shut down.
2023-08-17 17:10:24,103 [1] INFO Microsoft.Hosting.Lifetime - Hosting environment: Development
2023-08-17 17:10:24,107 [1] INFO Microsoft.Hosting.Lifetime - Content root path: C:\source\Workspaces\DirigentesNew\cpm.plataformadirigentes.api\
2023-08-17 17:10:32,338 [8] INFO LoggerUtility.LogUtility.Logger - Consulta de CargoxOrgano
2023-08-17 17:11:06,780 [26] INFO LoggerUtility.LogUtility.Logger - Consulta de Escolaridades
2023-08-17 17:11:59,176 [1] INFO Microsoft.Hosting.Lifetime - Application started. Press Ctrl+C to shut down.
2023-08-17 17:11:59,201 [1] INFO Microsoft.Hosting.Lifetime - Hosting environment: Development
2023-08-17 17:11:59,204 [1] INFO Microsoft.Hosting.Lifetime - Content root path: C:\source\Workspaces\DirigentesNew\cpm.plataformadirigentes.api\
2023-08-17 17:12:47,882 [12] INFO LoggerUtility.LogUtility.Logger - Consulra de Genero
2023-08-17 17:14:31,966 [1] INFO Microsoft.Hosting.Lifetime - Application started. Press Ctrl+C to shut down.
2023-08-17 17:14:31,993 [1] INFO Microsoft.Hosting.Lifetime - Hosting environment: Development
2023-08-17 17:14:31,996 [1] INFO Microsoft.Hosting.Lifetime - Content root path: C:\source\Workspaces\DirigentesNew\cpm.plataformadirigentes.api\
2023-08-17 17:14:48,468 [3] INFO LoggerUtility.LogUtility.Logger - Consulra de Genero
2023-08-17 17:16:22,455 [1] INFO Microsoft.Hosting.Lifetime - Application started. Press Ctrl+C to shut down.
2023-08-17 17:16:22,484 [1] INFO Microsoft.Hosting.Lifetime - Hosting environment: Development
2023-08-17 17:16:22,487 [1] INFO Microsoft.Hosting.Lifetime - Content root path: C:\source\Workspaces\DirigentesNew\cpm.plataformadirigentes.api\
2023-08-17 17:16:36,057 [19] INFO LoggerUtility.LogUtility.Logger - Consulra de Genero
2023-08-17 17:19:30,202 [19] ERROR Microsoft.AspNetCore.Diagnostics.DeveloperExceptionPageMiddleware - An unhandled exception has occurred while executing the request.
Microsoft.Data.SqlClient.SqlException (0x80131904): A network-related or instance-specific error occurred while establishing a connection to SQL Server. The server was not found or was not accessible. Verify that the instance name is correct and that SQL Server is configured to allow remote connections. (provider: SNI_PN11, error: 26 - Error Locating Server/Instance Specified)
   at Microsoft.Data.SqlClient.TdsParser.ThrowExceptionAndWarning(TdsParserStateObject stateObj, Boolean callerHasConnectionLock, Boolean asyncClose)
   at Microsoft.Data.SqlClient.TdsParser.Connect(ServerInfo serverInfo, SqlInternalConnectionTds connHandler, Boolean ignoreSniOpenTimeout, Int64 timerExpire, Boolean encrypt, Boolean trustServerCert, Boolean integratedSecurity, Boolean withFailover, SqlAuthenticationMethod authType)
   at Microsoft.Data.SqlClient.SqlInternalConnectionTds.AttemptOneLogin(ServerInfo serverInfo, String newPassword, SecureString newSecurePassword, Boolean ignoreSniOpenTimeout, TimeoutTimer timeout, Boolean withFailover)
   at Microsoft.Data.SqlClient.SqlInternalConnectionTds.LoginNoFailover(ServerInfo serverInfo, String newPassword, SecureString newSecurePassword, Boolean redirectedUserInstance, SqlConnectionString connectionOptions, SqlCredential credential, TimeoutTimer timeout)
   at Microsoft.Data.SqlClient.SqlInternalConnectionTds.OpenLoginEnlist(TimeoutTimer timeout, SqlConnectionString connectionOptions, SqlCredential credential, String newPassword, SecureString newSecurePassword, Boolean redirectedUserInstance)
   at Microsoft.Data.SqlClient.SqlInternalConnectionTds..ctor(DbConnectionPoolIdentity identity, SqlConnectionString connectionOptions, SqlCredential credential, Object providerInfo, String newPassword, SecureString newSecurePassword, Boolean redirectedUserInstance, SqlConnectionString userConnectionOptions, SessionData reconnectSessionData, Boolean applyTransientFaultHandling, String accessToken, DbConnectionPool pool)
   at Microsoft.Data.SqlClient.SqlConnectionFactory.CreateConnection(DbConnectionOptions options, DbConnectionPoolKey poolKey, Object poolGroupProviderInfo, DbConnectionPool pool, DbConnection owningConnection, DbConnectionOptions userOptions)
   at Microsoft.Data.ProviderBase.DbConnectionFactory.CreatePooledConnection(DbConnectionPool pool, DbConnection owningObject, DbConnectionOptions options, DbConnectionPoolKey poolKey, DbConnectionOptions userOptions)
   at Microsoft.Data.ProviderBase.DbConnectionPool.CreateObject(DbConnection owningObject, DbConnectionOptions userOptions, DbConnectionInternal oldConnection)
   at Microsoft.Data.ProviderBase.DbConnectionPool.UserCreateRequest(DbConnection owningObject, DbConnectionOptions userOptions, DbConnectionInternal oldConnection)
   at Microsoft.Data.ProviderBase.DbConnectionPool.TryGetConnection(DbConnection owningObject, UInt32 waitForMultipleObjectsTimeout, Boolean allowCreate, Boolean onlyOneCheckConnection, DbConnectionOptions userOptions, DbConnectionInternal& connection)
   at Microsoft.Data.ProviderBase.DbConnectionPool.TryGetConnection(DbConnection owningObject, TaskCompletionSource`1 retry, DbConnectionOptions userOptions, DbConnectionInternal& connection)
   at Microsoft.Data.ProviderBase.DbConnectionFactory.TryGetConnection(DbConnection owningConnection, TaskCompletionSource`1 retry, DbConnectionOptions userOptions, DbConnectionInternal oldConnection, DbConnectionInternal& connection)
   at Microsoft.Data.ProviderBase.DbConnectionInternal.TryOpenConnectionInternal(DbConnection outerConnection, DbConnectionFactory connectionFactory, TaskCompletionSource`1 retry, DbConnectionOptions userOptions)
   at Microsoft.Data.SqlClient.SqlConnection.TryOpen(TaskCompletionSource`1 retry, SqlConnectionOverrides overrides)
   at Microsoft.Data.SqlClient.SqlConnection.Open(SqlConnectionOverrides overrides)
   at Microsoft.EntityFrameworkCore.Storage.RelationalConnection.OpenInternal(Boolean errorsExpected)
   at Microsoft.EntityFrameworkCore.Storage.RelationalConnection.Open(Boolean errorsExpected)
   at Microsoft.EntityFrameworkCore.Storage.RelationalCommand.ExecuteReader(RelationalCommandParameterObject parameterObject)
   at Microsoft.EntityFrameworkCore.Query.Internal.SingleQueryingEnumerable`1.Enumerator.InitializeReader(Enumerator enumerator)
   at Microsoft.EntityFrameworkCore.SqlServer.Storage.Internal.SqlServerExecutionStrategy.Execute[TState,TResult](TState state, Func`3 operation, Func`3 verifySucceeded)
   at Microsoft.EntityFrameworkCore.Query.Internal.SingleQueryingEnumerable`1.Enumerator.MoveNext()
   at System.Collections.Generic.List`1..ctor(IEnumerable`1 collection)
   at System.Linq.Enumerable.ToList[TSource](IEnumerable`1 source)
   at CPM.PlataformaDirigentes.Data.Repositorio.RepositorioGenero.Obtener() in C:\source\Workspaces\DirigentesNew\Core\Data\Repositorio\RepositorioGenero.cs:line 22
   at CPM.PlataformaDirigentes.Administrador.Administrador.AdministradorGenero.Obtener() in C:\source\Workspaces\DirigentesNew\Core\Administrador\Administrador\AdministradorGenero.cs:line 19
   at CPMPlataformaDirigentes.Controller.CatalogoGeneroController.Consultar() in C:\source\Workspaces\DirigentesNew\cpm.plataformadirigentes.api\Controllers\CatalogoGeneroController.cs:line 35
   at lambda_method3(Closure , Object , Object[] )
   at Microsoft.AspNetCore.Mvc.Infrastructure.ActionMethodExecutor.SyncObjectResultExecutor.Execute(IActionResultTypeMapper mapper, ObjectMethodExecutor executor, Object controller, Object[] arguments)
   at Microsoft.AspNetCore.Mvc.Infrastructure.ControllerActionInvoker.<InvokeActionMethodAsync>g__Logged|12_1(ControllerActionInvoker invoker)
   at Microsoft.AspNetCore.Mvc.Infrastructure.ControllerActionInvoker.<InvokeNextActionFilterAsync>g__Awaited|10_0(ControllerActionInvoker invoker, Task lastTask, State next, Scope scope, Object state, Boolean isCompleted)
   at Microsoft.AspNetCore.Mvc.Infrastructure.ControllerActionInvoker.Rethrow(ActionExecutedContextSealed context)
   at Microsoft.AspNetCore.Mvc.Infrastructure.ControllerActionInvoker.Next(State& next, Scope& scope, Object& state, Boolean& isCompleted)
   at Microsoft.AspNetCore.Mvc.Infrastructure.ControllerActionInvoker.InvokeInnerFilterAsync()
--- End of stack trace from previous location ---
   at Microsoft.AspNetCore.Mvc.Infrastructure.ResourceInvoker.<InvokeFilterPipelineAsync>g__Awaited|20_0(ResourceInvoker invoker, Task lastTask, State next, Scope scope, Object state, Boolean isCompleted)
   at Microsoft.AspNetCore.Mvc.Infrastructure.ResourceInvoker.<InvokeAsync>g__Logged|17_1(ResourceInvoker invoker)
   at Microsoft.AspNetCore.Mvc.Infrastructure.ResourceInvoker.<InvokeAsync>g__Logged|17_1(ResourceInvoker invoker)
   at Microsoft.AspNetCore.Routing.EndpointMiddleware.<Invoke>g__AwaitRequestTask|6_0(Endpoint endpoint, Task requestTask, ILogger logger)
   at Microsoft.AspNetCore.Authorization.AuthorizationMiddleware.Invoke(HttpContext context)
   at Swashbuckle.AspNetCore.SwaggerUI.SwaggerUIMiddleware.Invoke(HttpContext httpContext)
   at Swashbuckle.AspNetCore.Swagger.SwaggerMiddleware.Invoke(HttpContext httpContext, ISwaggerProvider swaggerProvider)
   at Microsoft.AspNetCore.Diagnostics.DeveloperExceptionPageMiddleware.Invoke(HttpContext context)
ClientConnectionId:00000000-0000-0000-0000-000000000000
Error Number:-1,State:0,Class:20
2023-08-17 17:19:40,233 [19] INFO LoggerUtility.LogUtility.Logger - Consulra de Genero
2023-08-17 17:21:35,409 [1] INFO Microsoft.Hosting.Lifetime - Application started. Press Ctrl+C to shut down.
2023-08-17 17:21:35,431 [1] INFO Microsoft.Hosting.Lifetime - Hosting environment: Development
2023-08-17 17:21:35,434 [1] INFO Microsoft.Hosting.Lifetime - Content root path: C:\source\Workspaces\DirigentesNew\cpm.plataformadirigentes.api\
2023-08-17 17:21:50,099 [5] INFO LoggerUtility.LogUtility.Logger - Consulta de Estado Civil
2023-08-17 17:22:06,066 [17] INFO LoggerUtility.LogUtility.Logger - Consulra de Genero
